This is pdfTeX, Version 3.14159265-2.6-1.40.16 (TeX Live 2015) (preloaded format=pdflatex 2015.11.2)  2 NOV 2015 15:31
entering extended mode
 restricted \write18 enabled.
 file:line:error style messages enabled.
 %&-line parsing enabled.
**bare_jrnl.tex
(./bare_jrnl.tex
LaTeX2e <2015/01/01>
Babel <3.9l> and hyphenation patterns for 79 languages loaded.
(/usr/local/texlive/2015/texmf-dist/tex/latex/IEEEtran/IEEEtran.cls
Document Class: IEEEtran 2014/09/17 V1.8a by Michael Shell
-- See the "IEEEtran_HOWTO" manual for usage information.
-- http://www.michaelshell.org/tex/ieeetran/
\@IEEEtrantmpdimenA=\dimen102
\@IEEEtrantmpdimenB=\dimen103
\@IEEEtrantmpdimenC=\dimen104
\@IEEEtrantmpcountA=\count79
\@IEEEtrantmpcountB=\count80
\@IEEEtrantmpcountC=\count81
\@IEEEtrantmptoksA=\toks14
LaTeX Font Info:    Try loading font information for OT1+ptm on input line 458.

(/usr/local/texlive/2015/texmf-dist/tex/latex/psnfss/ot1ptm.fd
File: ot1ptm.fd 2001/06/04 font definitions for OT1/ptm.
)
-- Using 8.5in x 11in (letter) paper.
-- Using PDF output.
\@IEEEnormalsizeunitybaselineskip=\dimen105
-- This is a 10 point document.
\CLASSINFOnormalsizebaselineskip=\dimen106
\CLASSINFOnormalsizeunitybaselineskip=\dimen107
\IEEEnormaljot=\dimen108
LaTeX Font Info:    Font shape `OT1/ptm/bx/n' in size <5> not available
(Font)              Font shape `OT1/ptm/b/n' tried instead on input line 1039.
LaTeX Font Info:    Font shape `OT1/ptm/bx/it' in size <5> not available
(Font)              Font shape `OT1/ptm/b/it' tried instead on input line 1039.

LaTeX Font Info:    Font shape `OT1/ptm/bx/n' in size <7> not available
(Font)              Font shape `OT1/ptm/b/n' tried instead on input line 1039.
LaTeX Font Info:    Font shape `OT1/ptm/bx/it' in size <7> not available
(Font)              Font shape `OT1/ptm/b/it' tried instead on input line 1039.

LaTeX Font Info:    Font shape `OT1/ptm/bx/n' in size <8> not available
(Font)              Font shape `OT1/ptm/b/n' tried instead on input line 1039.
LaTeX Font Info:    Font shape `OT1/ptm/bx/it' in size <8> not available
(Font)              Font shape `OT1/ptm/b/it' tried instead on input line 1039.

LaTeX Font Info:    Font shape `OT1/ptm/bx/n' in size <9> not available
(Font)              Font shape `OT1/ptm/b/n' tried instead on input line 1039.
LaTeX Font Info:    Font shape `OT1/ptm/bx/it' in size <9> not available
(Font)              Font shape `OT1/ptm/b/it' tried instead on input line 1039.

LaTeX Font Info:    Font shape `OT1/ptm/bx/n' in size <10> not available
(Font)              Font shape `OT1/ptm/b/n' tried instead on input line 1039.
LaTeX Font Info:    Font shape `OT1/ptm/bx/it' in size <10> not available
(Font)              Font shape `OT1/ptm/b/it' tried instead on input line 1039.

LaTeX Font Info:    Font shape `OT1/ptm/bx/n' in size <11> not available
(Font)              Font shape `OT1/ptm/b/n' tried instead on input line 1039.
LaTeX Font Info:    Font shape `OT1/ptm/bx/it' in size <11> not available
(Font)              Font shape `OT1/ptm/b/it' tried instead on input line 1039.

LaTeX Font Info:    Font shape `OT1/ptm/bx/n' in size <12> not available
(Font)              Font shape `OT1/ptm/b/n' tried instead on input line 1039.
LaTeX Font Info:    Font shape `OT1/ptm/bx/it' in size <12> not available
(Font)              Font shape `OT1/ptm/b/it' tried instead on input line 1039.

LaTeX Font Info:    Font shape `OT1/ptm/bx/n' in size <17> not available
(Font)              Font shape `OT1/ptm/b/n' tried instead on input line 1039.
LaTeX Font Info:    Font shape `OT1/ptm/bx/it' in size <17> not available
(Font)              Font shape `OT1/ptm/b/it' tried instead on input line 1039.

LaTeX Font Info:    Font shape `OT1/ptm/bx/n' in size <20> not available
(Font)              Font shape `OT1/ptm/b/n' tried instead on input line 1039.
LaTeX Font Info:    Font shape `OT1/ptm/bx/it' in size <20> not available
(Font)              Font shape `OT1/ptm/b/it' tried instead on input line 1039.

LaTeX Font Info:    Font shape `OT1/ptm/bx/n' in size <24> not available
(Font)              Font shape `OT1/ptm/b/n' tried instead on input line 1039.
LaTeX Font Info:    Font shape `OT1/ptm/bx/it' in size <24> not available
(Font)              Font shape `OT1/ptm/b/it' tried instead on input line 1039.

\IEEEquantizedlength=\dimen109
\IEEEquantizedlengthdiff=\dimen110
\IEEEquantizedtextheightdiff=\dimen111
\IEEEilabelindentA=\dimen112
\IEEEilabelindentB=\dimen113
\IEEEilabelindent=\dimen114
\IEEEelabelindent=\dimen115
\IEEEdlabelindent=\dimen116
\IEEElabelindent=\dimen117
\IEEEiednormlabelsep=\dimen118
\IEEEiedmathlabelsep=\dimen119
\IEEEiedtopsep=\skip41
\c@section=\count82
\c@subsection=\count83
\c@subsubsection=\count84
\c@paragraph=\count85
\c@IEEEsubequation=\count86
\abovecaptionskip=\skip42
\belowcaptionskip=\skip43
\c@figure=\count87
\c@table=\count88
\@IEEEeqnnumcols=\count89
\@IEEEeqncolcnt=\count90
\@IEEEsubeqnnumrollback=\count91
\@IEEEquantizeheightA=\dimen120
\@IEEEquantizeheightB=\dimen121
\@IEEEquantizeheightC=\dimen122
\@IEEEquantizeprevdepth=\dimen123
\@IEEEquantizemultiple=\count92
\@IEEEquantizeboxA=\box26
\@IEEEtmpitemindent=\dimen124
\c@IEEEbiography=\count93
\@IEEEtranrubishbin=\box27
) (/usr/local/texlive/2015/texmf-dist/tex/latex/graphics/graphicx.sty
Package: graphicx 2014/10/28 v1.0g Enhanced LaTeX Graphics (DPC,SPQR)

(/usr/local/texlive/2015/texmf-dist/tex/latex/graphics/keyval.sty
Package: keyval 2014/10/28 v1.15 key=value parser (DPC)
\KV@toks@=\toks15
)
(/usr/local/texlive/2015/texmf-dist/tex/latex/graphics/graphics.sty
Package: graphics 2014/10/28 v1.0p Standard LaTeX Graphics (DPC,SPQR)

(/usr/local/texlive/2015/texmf-dist/tex/latex/graphics/trig.sty
Package: trig 1999/03/16 v1.09 sin cos tan (DPC)
)
(/usr/local/texlive/2015/texmf-dist/tex/latex/latexconfig/graphics.cfg
File: graphics.cfg 2010/04/23 v1.9 graphics configuration of TeX Live
)
Package graphics Info: Driver file: pdftex.def on input line 94.

(/usr/local/texlive/2015/texmf-dist/tex/latex/pdftex-def/pdftex.def
File: pdftex.def 2011/05/27 v0.06d Graphics/color for pdfTeX

(/usr/local/texlive/2015/texmf-dist/tex/generic/oberdiek/infwarerr.sty
Package: infwarerr 2010/04/08 v1.3 Providing info/warning/error messages (HO)
)
(/usr/local/texlive/2015/texmf-dist/tex/generic/oberdiek/ltxcmds.sty
Package: ltxcmds 2011/11/09 v1.22 LaTeX kernel commands for general use (HO)
)
\Gread@gobject=\count94
))
\Gin@req@height=\dimen125
\Gin@req@width=\dimen126
)
(/usr/local/texlive/2015/texmf-dist/tex/latex/oberdiek/epstopdf.sty
Package: epstopdf 2010/02/09 v2.5 Conversion with epstopdf on the fly (HO)

(/usr/local/texlive/2015/texmf-dist/tex/latex/oberdiek/epstopdf-base.sty
Package: epstopdf-base 2010/02/09 v2.5 Base part for package epstopdf

(/usr/local/texlive/2015/texmf-dist/tex/latex/oberdiek/grfext.sty
Package: grfext 2010/08/19 v1.1 Manage graphics extensions (HO)

(/usr/local/texlive/2015/texmf-dist/tex/generic/oberdiek/kvdefinekeys.sty
Package: kvdefinekeys 2011/04/07 v1.3 Define keys (HO)
))
(/usr/local/texlive/2015/texmf-dist/tex/latex/oberdiek/kvoptions.sty
Package: kvoptions 2011/06/30 v3.11 Key value format for package options (HO)

(/usr/local/texlive/2015/texmf-dist/tex/generic/oberdiek/kvsetkeys.sty
Package: kvsetkeys 2012/04/25 v1.16 Key value parser (HO)

(/usr/local/texlive/2015/texmf-dist/tex/generic/oberdiek/etexcmds.sty
Package: etexcmds 2011/02/16 v1.5 Avoid name clashes with e-TeX commands (HO)

(/usr/local/texlive/2015/texmf-dist/tex/generic/oberdiek/ifluatex.sty
Package: ifluatex 2010/03/01 v1.3 Provides the ifluatex switch (HO)
Package ifluatex Info: LuaTeX not detected.
)
Package etexcmds Info: Could not find \expanded.
(etexcmds)             That can mean that you are not using pdfTeX 1.50 or
(etexcmds)             that some package has redefined \expanded.
(etexcmds)             In the latter case, load this package earlier.
)))
(/usr/local/texlive/2015/texmf-dist/tex/generic/oberdiek/pdftexcmds.sty
Package: pdftexcmds 2011/11/29 v0.20 Utility functions of pdfTeX for LuaTeX (HO
)

(/usr/local/texlive/2015/texmf-dist/tex/generic/oberdiek/ifpdf.sty
Package: ifpdf 2011/01/30 v2.3 Provides the ifpdf switch (HO)
Package ifpdf Info: pdfTeX in PDF mode is detected.
)
Package pdftexcmds Info: LuaTeX not detected.
Package pdftexcmds Info: \pdf@primitive is available.
Package pdftexcmds Info: \pdf@ifprimitive is available.
Package pdftexcmds Info: \pdfdraftmode found.
)
Package grfext Info: Graphics extension search list:
(grfext)             [.png,.pdf,.jpg,.mps,.jpeg,.jbig2,.jb2,.PNG,.PDF,.JPG,.JPE
G,.JBIG2,.JB2,.eps]
(grfext)             \AppendGraphicsExtensions on input line 452.

(/usr/local/texlive/2015/texmf-dist/tex/latex/latexconfig/epstopdf-sys.cfg
File: epstopdf-sys.cfg 2010/07/13 v1.3 Configuration of (r)epstopdf for TeX Liv
e
)))
(/usr/local/texlive/2015/texmf-dist/tex/latex/cite/cite.sty
LaTeX Info: Redefining \cite on input line 302.
LaTeX Info: Redefining \nocite on input line 332.
Package: cite 2015/02/27  v 5.5
)
(/usr/local/texlive/2015/texmf-dist/tex/latex/amsmath/amsmath.sty
Package: amsmath 2013/01/14 v2.14 AMS math features
\@mathmargin=\skip44

For additional information on amsmath, use the `?' option.
(/usr/local/texlive/2015/texmf-dist/tex/latex/amsmath/amstext.sty
Package: amstext 2000/06/29 v2.01

(/usr/local/texlive/2015/texmf-dist/tex/latex/amsmath/amsgen.sty
File: amsgen.sty 1999/11/30 v2.0
\@emptytoks=\toks16
\ex@=\dimen127
))
(/usr/local/texlive/2015/texmf-dist/tex/latex/amsmath/amsbsy.sty
Package: amsbsy 1999/11/29 v1.2d
\pmbraise@=\dimen128
)
(/usr/local/texlive/2015/texmf-dist/tex/latex/amsmath/amsopn.sty
Package: amsopn 1999/12/14 v2.01 operator names
)
\inf@bad=\count95
LaTeX Info: Redefining \frac on input line 210.
\uproot@=\count96
\leftroot@=\count97
LaTeX Info: Redefining \overline on input line 306.
\classnum@=\count98
\DOTSCASE@=\count99
LaTeX Info: Redefining \ldots on input line 378.
LaTeX Info: Redefining \dots on input line 381.
LaTeX Info: Redefining \cdots on input line 466.
\Mathstrutbox@=\box28
\strutbox@=\box29
\big@size=\dimen129
LaTeX Font Info:    Redeclaring font encoding OML on input line 566.
LaTeX Font Info:    Redeclaring font encoding OMS on input line 567.
\macc@depth=\count100
\c@MaxMatrixCols=\count101
\dotsspace@=\muskip10
\c@parentequation=\count102
\dspbrk@lvl=\count103
\tag@help=\toks17
\row@=\count104
\column@=\count105
\maxfields@=\count106
\andhelp@=\toks18
\eqnshift@=\dimen130
\alignsep@=\dimen131
\tagshift@=\dimen132
\tagwidth@=\dimen133
\totwidth@=\dimen134
\lineht@=\dimen135
\@envbody=\toks19
\multlinegap=\skip45
\multlinetaggap=\skip46
\mathdisplay@stack=\toks20
LaTeX Info: Redefining \[ on input line 2665.
LaTeX Info: Redefining \] on input line 2666.
)
(/usr/local/texlive/2015/texmf-dist/tex/latex/tools/array.sty
Package: array 2014/10/28 v2.4c Tabular extension package (FMi)
\col@sep=\dimen136
\extrarowheight=\dimen137
\NC@list=\toks21
\extratabsurround=\skip47
\backup@length=\skip48
)
(/usr/local/texlive/2015/texmf-dist/tex/latex/threeparttable/threeparttable.sty
Package: threeparttable 2003/06/13  v 3.0
\@tempboxb=\box30
) (./bare_jrnl.aux

LaTeX Warning: Label `table6' multiply defined.

)
\openout1 = `bare_jrnl.aux'.

LaTeX Font Info:    Checking defaults for OML/cmm/m/it on input line 27.
LaTeX Font Info:    ... okay on input line 27.
LaTeX Font Info:    Checking defaults for T1/cmr/m/n on input line 27.
LaTeX Font Info:    ... okay on input line 27.
LaTeX Font Info:    Checking defaults for OT1/cmr/m/n on input line 27.
LaTeX Font Info:    ... okay on input line 27.
LaTeX Font Info:    Checking defaults for OMS/cmsy/m/n on input line 27.
LaTeX Font Info:    ... okay on input line 27.
LaTeX Font Info:    Checking defaults for OMX/cmex/m/n on input line 27.
LaTeX Font Info:    ... okay on input line 27.
LaTeX Font Info:    Checking defaults for U/cmr/m/n on input line 27.
LaTeX Font Info:    ... okay on input line 27.

-- Lines per column: 58 (exact).
(/usr/local/texlive/2015/texmf-dist/tex/context/base/supp-pdf.mkii
[Loading MPS to PDF converter (version 2006.09.02).]
\scratchcounter=\count107
\scratchdimen=\dimen138
\scratchbox=\box31
\nofMPsegments=\count108
\nofMParguments=\count109
\everyMPshowfont=\toks22
\MPscratchCnt=\count110
\MPscratchDim=\dimen139
\MPnumerator=\count111
\makeMPintoPDFobject=\count112
\everyMPtoPDFconversion=\toks23
)
LaTeX Font Info:    External font `cmex10' loaded for size
(Font)              <9> on input line 71.
LaTeX Font Info:    External font `cmex10' loaded for size
(Font)              <6> on input line 71.
LaTeX Font Info:    External font `cmex10' loaded for size
(Font)              <5> on input line 71.

Underfull \hbox (badness 1383) in paragraph at lines 79--81
[]\OT1/ptm/b/it/9 Index Terms\OT1/ptm/b/n/9 ---big data, elec-tro-car-dio-g-ra-
phy clas-si-fi-ca-tion,
 []

[1{/usr/local/texlive/2015/texmf-var/fonts/map/pdftex/updmap/pdftex.map}


]
LaTeX Font Info:    External font `cmex10' loaded for size
(Font)              <8> on input line 149.

[2]

LaTeX Warning: No positions in optional float specifier.
               Default added (so using `tbp') on input line 217.

Package epstopdf Info: Source file: <eps/Figure1.eps>
(epstopdf)                    date: 2015-08-06 19:48:04
(epstopdf)                    size: 2245188 bytes
(epstopdf)             Output file: <eps/Figure1-eps-converted-to.pdf>
(epstopdf)                    date: 2015-08-06 19:48:04
(epstopdf)                    size: 158079 bytes
(epstopdf)             Command: <repstopdf --outfile=eps/Figure1-eps-converted-
to.pdf eps/Figure1.eps>
(epstopdf)             \includegraphics on input line 219.
Package epstopdf Info: Output file is already uptodate.
<eps/Figure1-eps-converted-to.pdf, id=15, 527.9725pt x 361.35pt>
File: eps/Figure1-eps-converted-to.pdf Graphic file (type pdf)

<use eps/Figure1-eps-converted-to.pdf>
Package pdftex.def Info: eps/Figure1-eps-converted-to.pdf used on input line 21
9.
(pdftex.def)             Requested size: 231.26378pt x 158.2777pt.
LaTeX Font Info:    External font `cmex10' loaded for size
(Font)              <7> on input line 227.

Underfull \vbox (badness 1107) has occurred while \output is active []

 [3 <./eps/Figure1-eps-converted-to.pdf>]
Underfull \hbox (badness 1824) in paragraph at lines 273--275
 \OT1/ptm/m/it/10 4) Train-ing Stacked Au-toen-coders: [][] \OT1/ptm/m/n/10 Au-
toen-coders have
 []

[4]
Missing character: There is no Œ in font cmr10!
Missing character: There is no ∏ in font cmr10!

Overfull \hbox (8.50308pt too wide) in paragraph at lines 402--418
 [] 
 []


LaTeX Warning: No positions in optional float specifier.
               Default added (so using `tbp') on input line 423.

Package epstopdf Info: Source file: <eps/Figure2.eps>
(epstopdf)                    date: 2015-08-06 19:48:04
(epstopdf)                    size: 674715 bytes
(epstopdf)             Output file: <eps/Figure2-eps-converted-to.pdf>
(epstopdf)                    date: 2015-08-06 19:48:04
(epstopdf)                    size: 61394 bytes
(epstopdf)             Command: <repstopdf --outfile=eps/Figure2-eps-converted-
to.pdf eps/Figure2.eps>
(epstopdf)             \includegraphics on input line 425.
Package epstopdf Info: Output file is already uptodate.
<eps/Figure2-eps-converted-to.pdf, id=36, 1171.37625pt x 701.62125pt>
File: eps/Figure2-eps-converted-to.pdf Graphic file (type pdf)

<use eps/Figure2-eps-converted-to.pdf>
Package pdftex.def Info: eps/Figure2-eps-converted-to.pdf used on input line 42
5.
(pdftex.def)             Requested size: 469.75499pt x 281.37152pt.
 [5]
Underfull \vbox (badness 10000) has occurred while \output is active []



LaTeX Warning: No positions in optional float specifier.
               Default added (so using `tbp') on input line 465.

Package epstopdf Info: Source file: <eps/Figure3.eps>
(epstopdf)                    date: 2015-08-06 19:48:04
(epstopdf)                    size: 69287 bytes
(epstopdf)             Output file: <eps/Figure3-eps-converted-to.pdf>
(epstopdf)                    date: 2015-08-06 19:48:04
(epstopdf)                    size: 16531 bytes
(epstopdf)             Command: <repstopdf --outfile=eps/Figure3-eps-converted-
to.pdf eps/Figure3.eps>
(epstopdf)             \includegraphics on input line 467.
Package epstopdf Info: Output file is already uptodate.
<eps/Figure3-eps-converted-to.pdf, id=40, 491.8375pt x 347.2975pt>
File: eps/Figure3-eps-converted-to.pdf Graphic file (type pdf)

<use eps/Figure3-eps-converted-to.pdf>
Package pdftex.def Info: eps/Figure3-eps-converted-to.pdf used on input line 46
7.
(pdftex.def)             Requested size: 216.81pt x 153.09222pt.
 [6 <./eps/Figure2-eps-converted-to.pdf>]

LaTeX Warning: No positions in optional float specifier.
               Default added (so using `tbp') on input line 493.

<eps/bias.pdf, id=72, 449.68pt x 338.26375pt>
File: eps/bias.pdf Graphic file (type pdf)
 <use eps/bias.pdf>
Package pdftex.def Info: eps/bias.pdf used on input line 495.
(pdftex.def)             Requested size: 231.26378pt x 173.9626pt.
Package epstopdf Info: Source file: <eps/chart.eps>
(epstopdf)                    date: 2015-08-06 19:48:04
(epstopdf)                    size: 1342418 bytes
(epstopdf)             Output file: <eps/chart-eps-converted-to.pdf>
(epstopdf)                    date: 2015-08-06 19:48:04
(epstopdf)                    size: 30350 bytes
(epstopdf)             Command: <repstopdf --outfile=eps/chart-eps-converted-to
.pdf eps/chart.eps>
(epstopdf)             \includegraphics on input line 522.
Package epstopdf Info: Output file is already uptodate.

<eps/chart-eps-converted-to.pdf, id=73, 405.515pt x 227.85126pt>
File: eps/chart-eps-converted-to.pdf Graphic file (type pdf)

<use eps/chart-eps-converted-to.pdf>
Package pdftex.def Info: eps/chart-eps-converted-to.pdf used on input line 522.

(pdftex.def)             Requested size: 231.26378pt x 129.94609pt.
 [7 <./eps/Figure3-eps-converted-to.pdf> <./eps/bias.pdf> <./eps/chart-eps-conv
erted-to.pdf>]

LaTeX Warning: No positions in optional float specifier.
               Default added (so using `tbp') on input line 617.

Package epstopdf Info: Source file: <eps/Figure4.eps>
(epstopdf)                    date: 2015-08-06 19:48:04
(epstopdf)                    size: 2574941 bytes
(epstopdf)             Output file: <eps/Figure4-eps-converted-to.pdf>
(epstopdf)                    date: 2015-08-06 19:48:04
(epstopdf)                    size: 108896 bytes
(epstopdf)             Command: <repstopdf --outfile=eps/Figure4-eps-converted-
to.pdf eps/Figure4.eps>
(epstopdf)             \includegraphics on input line 619.
Package epstopdf Info: Output file is already uptodate.
<eps/Figure4-eps-converted-to.pdf, id=109, 561.09625pt x 422.57875pt>
File: eps/Figure4-eps-converted-to.pdf Graphic file (type pdf)

<use eps/Figure4-eps-converted-to.pdf>
Package pdftex.def Info: eps/Figure4-eps-converted-to.pdf used on input line 61
9.
(pdftex.def)             Requested size: 231.26378pt x 174.16757pt.
 [8 <./eps/Figure4-eps-converted-to.pdf>] (./bare_jrnl.bbl
Missing character: There is no Ã in font ptmr7t!
Missing character: There is no Å in font ptmr7t!
 [9]
Missing character: There is no √ in font ptmr7t!
Missing character: There is no © in font ptmr7t!
Missing character: There is no √ in font ptmr7t!
Missing character: There is no © in font ptmr7t!
) [10] (./bare_jrnl.aux)

LaTeX Warning: There were multiply-defined labels.

 ) 
Here is how much of TeX's memory you used:
 3185 strings out of 493089
 48881 string characters out of 6134842
 125361 words of memory out of 5000000
 6622 multiletter control sequences out of 15000+600000
 44517 words of font info for 81 fonts, out of 8000000 for 9000
 1144 hyphenation exceptions out of 8191
 42i,18n,28p,1495b,339s stack positions out of 5000i,500n,10000p,200000b,80000s
{/usr/local/texlive/2015/texmf-dist/fonts/enc/dvips/base/8r.enc}</usr/local/t
exlive/2015/texmf-dist/fonts/type1/public/amsfonts/cm/cmex10.pfb></usr/local/te
xlive/2015/texmf-dist/fonts/type1/public/amsfonts/cm/cmmi10.pfb></usr/local/tex
live/2015/texmf-dist/fonts/type1/public/amsfonts/cm/cmmi5.pfb></usr/local/texli
ve/2015/texmf-dist/fonts/type1/public/amsfonts/cm/cmmi6.pfb></usr/local/texlive
/2015/texmf-dist/fonts/type1/public/amsfonts/cm/cmmi7.pfb></usr/local/texlive/2
015/texmf-dist/fonts/type1/public/amsfonts/cm/cmmi8.pfb></usr/local/texlive/201
5/texmf-dist/fonts/type1/public/amsfonts/cm/cmmi9.pfb></usr/local/texlive/2015/
texmf-dist/fonts/type1/public/amsfonts/cm/cmr10.pfb></usr/local/texlive/2015/te
xmf-dist/fonts/type1/public/amsfonts/cm/cmr5.pfb></usr/local/texlive/2015/texmf
-dist/fonts/type1/public/amsfonts/cm/cmr6.pfb></usr/local/texlive/2015/texmf-di
st/fonts/type1/public/amsfonts/cm/cmr7.pfb></usr/local/texlive/2015/texmf-dist/
fonts/type1/public/amsfonts/cm/cmr8.pfb></usr/local/texlive/2015/texmf-dist/fon
ts/type1/public/amsfonts/cm/cmr9.pfb></usr/local/texlive/2015/texmf-dist/fonts/
type1/public/amsfonts/cm/cmsy10.pfb></usr/local/texlive/2015/texmf-dist/fonts/t
ype1/public/amsfonts/cm/cmsy7.pfb></usr/local/texlive/2015/texmf-dist/fonts/typ
e1/public/amsfonts/cm/cmsy8.pfb></usr/local/texlive/2015/texmf-dist/fonts/type1
/urw/times/utmb8a.pfb></usr/local/texlive/2015/texmf-dist/fonts/type1/urw/times
/utmbi8a.pfb></usr/local/texlive/2015/texmf-dist/fonts/type1/urw/times/utmr8a.p
fb></usr/local/texlive/2015/texmf-dist/fonts/type1/urw/times/utmri8a.pfb>
Output written on bare_jrnl.pdf (10 pages, 641175 bytes).
PDF statistics:
 189 PDF objects out of 1000 (max. 8388607)
 117 compressed objects within 2 object streams
 0 named destinations out of 1000 (max. 500000)
 31 words of extra memory for PDF output out of 10000 (max. 10000000)

