This is pdfTeX, Version 3.14159265-2.6-1.40.15 (TeX Live 2014) (preloaded format=pdflatex 2014.12.18)  6 AUG 2015 15:43
entering extended mode
 restricted \write18 enabled.
 file:line:error style messages enabled.
 %&-line parsing enabled.
**bare_jrnl.tex
(./bare_jrnl.tex
LaTeX2e <2014/05/01>
Babel <3.9k> and hyphenation patterns for 78 languages loaded.
(/usr/local/texlive/2014/texmf-dist/tex/latex/IEEEtran/IEEEtran.cls
Document Class: IEEEtran 2012/12/27 V1.8 by Michael Shell
-- See the "IEEEtran_HOWTO" manual for usage information.
-- http://www.michaelshell.org/tex/ieeetran/
\@IEEEtrantmpdimenA=\dimen102
\@IEEEtrantmpdimenB=\dimen103
\@IEEEtrantmpcountA=\count79
\@IEEEtrantmpcountB=\count80
\@IEEEtrantmptoksA=\toks14
LaTeX Font Info:    Try loading font information for OT1+ptm on input line 368.

(/usr/local/texlive/2014/texmf-dist/tex/latex/psnfss/ot1ptm.fd
File: ot1ptm.fd 2001/06/04 font definitions for OT1/ptm.
)
-- Using 8.5in x 11in (letter) paper.
-- Using PDF output.
\@IEEEnormalsizeunitybaselineskip=\dimen104
-- This is a 10 point document.
\CLASSINFOnormalsizebaselineskip=\dimen105
\CLASSINFOnormalsizeunitybaselineskip=\dimen106
\IEEEnormaljot=\dimen107
LaTeX Font Info:    Font shape `OT1/ptm/bx/n' in size <5> not available
(Font)              Font shape `OT1/ptm/b/n' tried instead on input line 726.
LaTeX Font Info:    Font shape `OT1/ptm/bx/it' in size <5> not available
(Font)              Font shape `OT1/ptm/b/it' tried instead on input line 726.
LaTeX Font Info:    Font shape `OT1/ptm/bx/n' in size <7> not available
(Font)              Font shape `OT1/ptm/b/n' tried instead on input line 726.
LaTeX Font Info:    Font shape `OT1/ptm/bx/it' in size <7> not available
(Font)              Font shape `OT1/ptm/b/it' tried instead on input line 726.
LaTeX Font Info:    Font shape `OT1/ptm/bx/n' in size <8> not available
(Font)              Font shape `OT1/ptm/b/n' tried instead on input line 726.
LaTeX Font Info:    Font shape `OT1/ptm/bx/it' in size <8> not available
(Font)              Font shape `OT1/ptm/b/it' tried instead on input line 726.
LaTeX Font Info:    Font shape `OT1/ptm/bx/n' in size <9> not available
(Font)              Font shape `OT1/ptm/b/n' tried instead on input line 726.
LaTeX Font Info:    Font shape `OT1/ptm/bx/it' in size <9> not available
(Font)              Font shape `OT1/ptm/b/it' tried instead on input line 726.
LaTeX Font Info:    Font shape `OT1/ptm/bx/n' in size <10> not available
(Font)              Font shape `OT1/ptm/b/n' tried instead on input line 726.
LaTeX Font Info:    Font shape `OT1/ptm/bx/it' in size <10> not available
(Font)              Font shape `OT1/ptm/b/it' tried instead on input line 726.
LaTeX Font Info:    Font shape `OT1/ptm/bx/n' in size <11> not available
(Font)              Font shape `OT1/ptm/b/n' tried instead on input line 726.
LaTeX Font Info:    Font shape `OT1/ptm/bx/it' in size <11> not available
(Font)              Font shape `OT1/ptm/b/it' tried instead on input line 726.
LaTeX Font Info:    Font shape `OT1/ptm/bx/n' in size <12> not available
(Font)              Font shape `OT1/ptm/b/n' tried instead on input line 726.
LaTeX Font Info:    Font shape `OT1/ptm/bx/it' in size <12> not available
(Font)              Font shape `OT1/ptm/b/it' tried instead on input line 726.
LaTeX Font Info:    Font shape `OT1/ptm/bx/n' in size <17> not available
(Font)              Font shape `OT1/ptm/b/n' tried instead on input line 726.
LaTeX Font Info:    Font shape `OT1/ptm/bx/it' in size <17> not available
(Font)              Font shape `OT1/ptm/b/it' tried instead on input line 726.
LaTeX Font Info:    Font shape `OT1/ptm/bx/n' in size <20> not available
(Font)              Font shape `OT1/ptm/b/n' tried instead on input line 726.
LaTeX Font Info:    Font shape `OT1/ptm/bx/it' in size <20> not available
(Font)              Font shape `OT1/ptm/b/it' tried instead on input line 726.
LaTeX Font Info:    Font shape `OT1/ptm/bx/n' in size <24> not available
(Font)              Font shape `OT1/ptm/b/n' tried instead on input line 726.
LaTeX Font Info:    Font shape `OT1/ptm/bx/it' in size <24> not available
(Font)              Font shape `OT1/ptm/b/it' tried instead on input line 726.
\IEEEilabelindentA=\dimen108
\IEEEilabelindentB=\dimen109
\IEEEilabelindent=\dimen110
\IEEEelabelindent=\dimen111
\IEEEdlabelindent=\dimen112
\IEEElabelindent=\dimen113
\IEEEiednormlabelsep=\dimen114
\IEEEiedmathlabelsep=\dimen115
\IEEEiedtopsep=\skip41
\c@section=\count81
\c@subsection=\count82
\c@subsubsection=\count83
\c@paragraph=\count84
\c@IEEEsubequation=\count85
\abovecaptionskip=\skip42
\belowcaptionskip=\skip43
\c@figure=\count86
\c@table=\count87
\@IEEEeqnnumcols=\count88
\@IEEEeqncolcnt=\count89
\@IEEEsubeqnnumrollback=\count90
\@IEEEtmpitemindent=\dimen116
\c@IEEEbiography=\count91
\@IEEEtranrubishbin=\box26
) (/usr/local/texlive/2014/texmf-dist/tex/latex/graphics/graphicx.sty
Package: graphicx 2014/04/25 v1.0g Enhanced LaTeX Graphics (DPC,SPQR)

(/usr/local/texlive/2014/texmf-dist/tex/latex/graphics/keyval.sty
Package: keyval 2014/05/08 v1.15 key=value parser (DPC)
\KV@toks@=\toks15
)
(/usr/local/texlive/2014/texmf-dist/tex/latex/graphics/graphics.sty
Package: graphics 2009/02/05 v1.0o Standard LaTeX Graphics (DPC,SPQR)

(/usr/local/texlive/2014/texmf-dist/tex/latex/graphics/trig.sty
Package: trig 1999/03/16 v1.09 sin cos tan (DPC)
)
(/usr/local/texlive/2014/texmf-dist/tex/latex/latexconfig/graphics.cfg
File: graphics.cfg 2010/04/23 v1.9 graphics configuration of TeX Live
)
Package graphics Info: Driver file: pdftex.def on input line 91.

(/usr/local/texlive/2014/texmf-dist/tex/latex/pdftex-def/pdftex.def
File: pdftex.def 2011/05/27 v0.06d Graphics/color for pdfTeX

(/usr/local/texlive/2014/texmf-dist/tex/generic/oberdiek/infwarerr.sty
Package: infwarerr 2010/04/08 v1.3 Providing info/warning/error messages (HO)
)
(/usr/local/texlive/2014/texmf-dist/tex/generic/oberdiek/ltxcmds.sty
Package: ltxcmds 2011/11/09 v1.22 LaTeX kernel commands for general use (HO)
)
\Gread@gobject=\count92
))
\Gin@req@height=\dimen117
\Gin@req@width=\dimen118
)
(/usr/local/texlive/2014/texmf-dist/tex/latex/oberdiek/epstopdf.sty
Package: epstopdf 2010/02/09 v2.5 Conversion with epstopdf on the fly (HO)

(/usr/local/texlive/2014/texmf-dist/tex/latex/oberdiek/epstopdf-base.sty
Package: epstopdf-base 2010/02/09 v2.5 Base part for package epstopdf

(/usr/local/texlive/2014/texmf-dist/tex/latex/oberdiek/grfext.sty
Package: grfext 2010/08/19 v1.1 Manage graphics extensions (HO)

(/usr/local/texlive/2014/texmf-dist/tex/generic/oberdiek/kvdefinekeys.sty
Package: kvdefinekeys 2011/04/07 v1.3 Define keys (HO)
))
(/usr/local/texlive/2014/texmf-dist/tex/latex/oberdiek/kvoptions.sty
Package: kvoptions 2011/06/30 v3.11 Key value format for package options (HO)

(/usr/local/texlive/2014/texmf-dist/tex/generic/oberdiek/kvsetkeys.sty
Package: kvsetkeys 2012/04/25 v1.16 Key value parser (HO)

(/usr/local/texlive/2014/texmf-dist/tex/generic/oberdiek/etexcmds.sty
Package: etexcmds 2011/02/16 v1.5 Avoid name clashes with e-TeX commands (HO)

(/usr/local/texlive/2014/texmf-dist/tex/generic/oberdiek/ifluatex.sty
Package: ifluatex 2010/03/01 v1.3 Provides the ifluatex switch (HO)
Package ifluatex Info: LuaTeX not detected.
)
Package etexcmds Info: Could not find \expanded.
(etexcmds)             That can mean that you are not using pdfTeX 1.50 or
(etexcmds)             that some package has redefined \expanded.
(etexcmds)             In the latter case, load this package earlier.
)))
(/usr/local/texlive/2014/texmf-dist/tex/generic/oberdiek/pdftexcmds.sty
Package: pdftexcmds 2011/11/29 v0.20 Utility functions of pdfTeX for LuaTeX (HO
)

(/usr/local/texlive/2014/texmf-dist/tex/generic/oberdiek/ifpdf.sty
Package: ifpdf 2011/01/30 v2.3 Provides the ifpdf switch (HO)
Package ifpdf Info: pdfTeX in PDF mode is detected.
)
Package pdftexcmds Info: LuaTeX not detected.
Package pdftexcmds Info: \pdf@primitive is available.
Package pdftexcmds Info: \pdf@ifprimitive is available.
Package pdftexcmds Info: \pdfdraftmode found.
)
Package grfext Info: Graphics extension search list:
(grfext)             [.png,.pdf,.jpg,.mps,.jpeg,.jbig2,.jb2,.PNG,.PDF,.JPG,.JPE
G,.JBIG2,.JB2,.eps]
(grfext)             \AppendGraphicsExtensions on input line 452.

(/usr/local/texlive/2014/texmf-dist/tex/latex/latexconfig/epstopdf-sys.cfg
File: epstopdf-sys.cfg 2010/07/13 v1.3 Configuration of (r)epstopdf for TeX Liv
e
)))
(/usr/local/texlive/2014/texmf-dist/tex/latex/cite/cite.sty
LaTeX Info: Redefining \cite on input line 302.
LaTeX Info: Redefining \nocite on input line 373.
Package: cite 2010/09/10  v 5.3
)
(/usr/local/texlive/2014/texmf-dist/tex/latex/amsmath/amsmath.sty
Package: amsmath 2013/01/14 v2.14 AMS math features
\@mathmargin=\skip44

For additional information on amsmath, use the `?' option.
(/usr/local/texlive/2014/texmf-dist/tex/latex/amsmath/amstext.sty
Package: amstext 2000/06/29 v2.01

(/usr/local/texlive/2014/texmf-dist/tex/latex/amsmath/amsgen.sty
File: amsgen.sty 1999/11/30 v2.0
\@emptytoks=\toks16
\ex@=\dimen119
))
(/usr/local/texlive/2014/texmf-dist/tex/latex/amsmath/amsbsy.sty
Package: amsbsy 1999/11/29 v1.2d
\pmbraise@=\dimen120
)
(/usr/local/texlive/2014/texmf-dist/tex/latex/amsmath/amsopn.sty
Package: amsopn 1999/12/14 v2.01 operator names
)
\inf@bad=\count93
LaTeX Info: Redefining \frac on input line 210.
\uproot@=\count94
\leftroot@=\count95
LaTeX Info: Redefining \overline on input line 306.
\classnum@=\count96
\DOTSCASE@=\count97
LaTeX Info: Redefining \ldots on input line 378.
LaTeX Info: Redefining \dots on input line 381.
LaTeX Info: Redefining \cdots on input line 466.
\Mathstrutbox@=\box27
\strutbox@=\box28
\big@size=\dimen121
LaTeX Font Info:    Redeclaring font encoding OML on input line 566.
LaTeX Font Info:    Redeclaring font encoding OMS on input line 567.
\macc@depth=\count98
\c@MaxMatrixCols=\count99
\dotsspace@=\muskip10
\c@parentequation=\count100
\dspbrk@lvl=\count101
\tag@help=\toks17
\row@=\count102
\column@=\count103
\maxfields@=\count104
\andhelp@=\toks18
\eqnshift@=\dimen122
\alignsep@=\dimen123
\tagshift@=\dimen124
\tagwidth@=\dimen125
\totwidth@=\dimen126
\lineht@=\dimen127
\@envbody=\toks19
\multlinegap=\skip45
\multlinetaggap=\skip46
\mathdisplay@stack=\toks20
LaTeX Info: Redefining \[ on input line 2665.
LaTeX Info: Redefining \] on input line 2666.
)
(/usr/local/texlive/2014/texmf-dist/tex/latex/tools/array.sty
Package: array 2008/09/09 v2.4c Tabular extension package (FMi)
\col@sep=\dimen128
\extrarowheight=\dimen129
\NC@list=\toks21
\extratabsurround=\skip47
\backup@length=\skip48
)
(/usr/local/texlive/2014/texmf-dist/tex/latex/threeparttable/threeparttable.sty
Package: threeparttable 2003/06/13  v 3.0
\@tempboxb=\box29
) (./bare_jrnl.aux

LaTeX Warning: Label `table6' multiply defined.

)
\openout1 = `bare_jrnl.aux'.

LaTeX Font Info:    Checking defaults for OML/cmm/m/it on input line 373.
LaTeX Font Info:    ... okay on input line 373.
LaTeX Font Info:    Checking defaults for T1/cmr/m/n on input line 373.
LaTeX Font Info:    ... okay on input line 373.
LaTeX Font Info:    Checking defaults for OT1/cmr/m/n on input line 373.
LaTeX Font Info:    ... okay on input line 373.
LaTeX Font Info:    Checking defaults for OMS/cmsy/m/n on input line 373.
LaTeX Font Info:    ... okay on input line 373.
LaTeX Font Info:    Checking defaults for OMX/cmex/m/n on input line 373.
LaTeX Font Info:    ... okay on input line 373.
LaTeX Font Info:    Checking defaults for U/cmr/m/n on input line 373.
LaTeX Font Info:    ... okay on input line 373.
 (/usr/local/texlive/2014/texmf-dist/tex/context/base/supp-pdf.mkii
[Loading MPS to PDF converter (version 2006.09.02).]
\scratchcounter=\count105
\scratchdimen=\dimen130
\scratchbox=\box30
\nofMPsegments=\count106
\nofMParguments=\count107
\everyMPshowfont=\toks22
\MPscratchCnt=\count108
\MPscratchDim=\dimen131
\MPnumerator=\count109
\makeMPintoPDFobject=\count110
\everyMPtoPDFconversion=\toks23
)
LaTeX Font Info:    External font `cmex10' loaded for size
(Font)              <9> on input line 458.
LaTeX Font Info:    External font `cmex10' loaded for size
(Font)              <6> on input line 458.
LaTeX Font Info:    External font `cmex10' loaded for size
(Font)              <5> on input line 458.

Underfull \hbox (badness 1383) in paragraph at lines 466--468
[]\OT1/ptm/b/it/9 Index Terms\OT1/ptm/b/n/9 ---big data, elec-tro-car-dio-g-ra-
phy clas-si-fi-ca-tion,
 []

[1{/usr/local/texlive/2014/texmf-var/fonts/map/pdftex/updmap/pdftex.map}


]
LaTeX Font Info:    External font `cmex10' loaded for size
(Font)              <8> on input line 536.

[2]

LaTeX Warning: No positions in optional float specifier.
               Default added (so using `tbp') on input line 604.

Package epstopdf Info: Source file: <eps/Figure1.eps>
(epstopdf)                    date: 2014-11-26 16:20:12
(epstopdf)                    size: 2245188 bytes
(epstopdf)             Output file: <eps/Figure1-eps-converted-to.pdf>
(epstopdf)                    date: 2014-11-26 16:48:30
(epstopdf)                    size: 158079 bytes
(epstopdf)             Command: <repstopdf --outfile=eps/Figure1-eps-converted-
to.pdf eps/Figure1.eps>
(epstopdf)             \includegraphics on input line 606.
Package epstopdf Info: Output file is already uptodate.
<eps/Figure1-eps-converted-to.pdf, id=15, 527.9725pt x 361.35pt>
File: eps/Figure1-eps-converted-to.pdf Graphic file (type pdf)

<use eps/Figure1-eps-converted-to.pdf>
Package pdftex.def Info: eps/Figure1-eps-converted-to.pdf used on input line 60
6.
(pdftex.def)             Requested size: 231.26378pt x 158.2777pt.
LaTeX Font Info:    External font `cmex10' loaded for size
(Font)              <7> on input line 614.

Underfull \vbox (badness 1107) has occurred while \output is active []

 [3 <./eps/Figure1-eps-converted-to.pdf>]
Underfull \hbox (badness 1824) in paragraph at lines 660--662
 \OT1/ptm/m/it/10 4) Train-ing Stacked Au-toen-coders: [][] \OT1/ptm/m/n/10 Au-
toen-coders have
 []

[4]
Missing character: There is no Œ in font cmr10!
Missing character: There is no ∏ in font cmr10!

Overfull \hbox (8.50308pt too wide) in paragraph at lines 789--805
 [] 
 []


LaTeX Warning: No positions in optional float specifier.
               Default added (so using `tbp') on input line 810.

Package epstopdf Info: Source file: <eps/Figure2.eps>
(epstopdf)                    date: 2014-09-28 19:14:00
(epstopdf)                    size: 674715 bytes
(epstopdf)             Output file: <eps/Figure2-eps-converted-to.pdf>
(epstopdf)                    date: 2014-09-28 19:14:10
(epstopdf)                    size: 61394 bytes
(epstopdf)             Command: <repstopdf --outfile=eps/Figure2-eps-converted-
to.pdf eps/Figure2.eps>
(epstopdf)             \includegraphics on input line 812.
Package epstopdf Info: Output file is already uptodate.
<eps/Figure2-eps-converted-to.pdf, id=36, 1171.37625pt x 701.62125pt>
File: eps/Figure2-eps-converted-to.pdf Graphic file (type pdf)

<use eps/Figure2-eps-converted-to.pdf>
Package pdftex.def Info: eps/Figure2-eps-converted-to.pdf used on input line 81
2.
(pdftex.def)             Requested size: 469.75499pt x 281.37152pt.
 [5]
Underfull \vbox (badness 10000) has occurred while \output is active []



LaTeX Warning: No positions in optional float specifier.
               Default added (so using `tbp') on input line 852.

Package epstopdf Info: Source file: <eps/Figure3.eps>
(epstopdf)                    date: 2014-09-28 19:19:46
(epstopdf)                    size: 69287 bytes
(epstopdf)             Output file: <eps/Figure3-eps-converted-to.pdf>
(epstopdf)                    date: 2014-09-28 19:19:50
(epstopdf)                    size: 16531 bytes
(epstopdf)             Command: <repstopdf --outfile=eps/Figure3-eps-converted-
to.pdf eps/Figure3.eps>
(epstopdf)             \includegraphics on input line 854.
Package epstopdf Info: Output file is already uptodate.
<eps/Figure3-eps-converted-to.pdf, id=40, 491.8375pt x 347.2975pt>
File: eps/Figure3-eps-converted-to.pdf Graphic file (type pdf)

<use eps/Figure3-eps-converted-to.pdf>
Package pdftex.def Info: eps/Figure3-eps-converted-to.pdf used on input line 85
4.
(pdftex.def)             Requested size: 216.81pt x 153.09222pt.
 [6 <./eps/Figure2-eps-converted-to.pdf>]

LaTeX Warning: No positions in optional float specifier.
               Default added (so using `tbp') on input line 880.

<eps/bias.pdf, id=72, 449.68pt x 338.26375pt>
File: eps/bias.pdf Graphic file (type pdf)
 <use eps/bias.pdf>
Package pdftex.def Info: eps/bias.pdf used on input line 882.
(pdftex.def)             Requested size: 231.26378pt x 173.9626pt.
Package epstopdf Info: Source file: <eps/chart.eps>
(epstopdf)                    date: 2014-11-26 22:50:46
(epstopdf)                    size: 1342418 bytes
(epstopdf)             Output file: <eps/chart-eps-converted-to.pdf>
(epstopdf)                    date: 2014-11-26 22:59:50
(epstopdf)                    size: 30350 bytes
(epstopdf)             Command: <repstopdf --outfile=eps/chart-eps-converted-to
.pdf eps/chart.eps>
(epstopdf)             \includegraphics on input line 909.
Package epstopdf Info: Output file is already uptodate.

<eps/chart-eps-converted-to.pdf, id=73, 405.515pt x 227.85126pt>
File: eps/chart-eps-converted-to.pdf Graphic file (type pdf)

<use eps/chart-eps-converted-to.pdf>
Package pdftex.def Info: eps/chart-eps-converted-to.pdf used on input line 909.

(pdftex.def)             Requested size: 231.26378pt x 129.94609pt.
 [7 <./eps/Figure3-eps-converted-to.pdf> <./eps/bias.pdf> <./eps/chart-eps-conv
erted-to.pdf>]

LaTeX Warning: No positions in optional float specifier.
               Default added (so using `tbp') on input line 1004.

Package epstopdf Info: Source file: <eps/Figure4.eps>
(epstopdf)                    date: 2014-11-26 15:28:28
(epstopdf)                    size: 2574941 bytes
(epstopdf)             Output file: <eps/Figure4-eps-converted-to.pdf>
(epstopdf)                    date: 2014-11-26 15:43:58
(epstopdf)                    size: 108896 bytes
(epstopdf)             Command: <repstopdf --outfile=eps/Figure4-eps-converted-
to.pdf eps/Figure4.eps>
(epstopdf)             \includegraphics on input line 1006.
Package epstopdf Info: Output file is already uptodate.
<eps/Figure4-eps-converted-to.pdf, id=109, 561.09625pt x 422.57875pt>
File: eps/Figure4-eps-converted-to.pdf Graphic file (type pdf)

<use eps/Figure4-eps-converted-to.pdf>
Package pdftex.def Info: eps/Figure4-eps-converted-to.pdf used on input line 10
06.
(pdftex.def)             Requested size: 231.26378pt x 174.16757pt.
 [8 <./eps/Figure4-eps-converted-to.pdf>] (./bare_jrnl.bbl
Missing character: There is no Ã in font ptmr7t!
Missing character: There is no Å in font ptmr7t!
 [9]
Missing character: There is no √ in font ptmr7t!
Missing character: There is no © in font ptmr7t!
Missing character: There is no √ in font ptmr7t!
Missing character: There is no © in font ptmr7t!
) [10] (./bare_jrnl.aux)

LaTeX Warning: There were multiply-defined labels.

 ) 
Here is how much of TeX's memory you used:
 3090 strings out of 493117
 46393 string characters out of 6135432
 120904 words of memory out of 5000000
 6505 multiletter control sequences out of 15000+600000
 44517 words of font info for 81 fonts, out of 8000000 for 9000
 1144 hyphenation exceptions out of 8191
 42i,18n,28p,1495b,339s stack positions out of 5000i,500n,10000p,200000b,80000s
{/usr/local/texlive/2014/texmf-dist/fonts/enc/dvips/base/8r.enc}</usr/local/t
exlive/2014/texmf-dist/fonts/type1/public/amsfonts/cm/cmex10.pfb></usr/local/te
xlive/2014/texmf-dist/fonts/type1/public/amsfonts/cm/cmmi10.pfb></usr/local/tex
live/2014/texmf-dist/fonts/type1/public/amsfonts/cm/cmmi5.pfb></usr/local/texli
ve/2014/texmf-dist/fonts/type1/public/amsfonts/cm/cmmi6.pfb></usr/local/texlive
/2014/texmf-dist/fonts/type1/public/amsfonts/cm/cmmi7.pfb></usr/local/texlive/2
014/texmf-dist/fonts/type1/public/amsfonts/cm/cmmi8.pfb></usr/local/texlive/201
4/texmf-dist/fonts/type1/public/amsfonts/cm/cmmi9.pfb></usr/local/texlive/2014/
texmf-dist/fonts/type1/public/amsfonts/cm/cmr10.pfb></usr/local/texlive/2014/te
xmf-dist/fonts/type1/public/amsfonts/cm/cmr5.pfb></usr/local/texlive/2014/texmf
-dist/fonts/type1/public/amsfonts/cm/cmr6.pfb></usr/local/texlive/2014/texmf-di
st/fonts/type1/public/amsfonts/cm/cmr7.pfb></usr/local/texlive/2014/texmf-dist/
fonts/type1/public/amsfonts/cm/cmr8.pfb></usr/local/texlive/2014/texmf-dist/fon
ts/type1/public/amsfonts/cm/cmr9.pfb></usr/local/texlive/2014/texmf-dist/fonts/
type1/public/amsfonts/cm/cmsy10.pfb></usr/local/texlive/2014/texmf-dist/fonts/t
ype1/public/amsfonts/cm/cmsy7.pfb></usr/local/texlive/2014/texmf-dist/fonts/typ
e1/public/amsfonts/cm/cmsy8.pfb></usr/local/texlive/2014/texmf-dist/fonts/type1
/urw/times/utmb8a.pfb></usr/local/texlive/2014/texmf-dist/fonts/type1/urw/times
/utmbi8a.pfb></usr/local/texlive/2014/texmf-dist/fonts/type1/urw/times/utmr8a.p
fb></usr/local/texlive/2014/texmf-dist/fonts/type1/urw/times/utmri8a.pfb>
Output written on bare_jrnl.pdf (10 pages, 641213 bytes).
PDF statistics:
 189 PDF objects out of 1000 (max. 8388607)
 117 compressed objects within 2 object streams
 0 named destinations out of 1000 (max. 500000)
 31 words of extra memory for PDF output out of 10000 (max. 10000000)

