This is pdfTeX, Version 3.14159265-2.6-1.40.15 (TeX Live 2014) (preloaded format=pdflatex 2014.12.18)  25 JUN 2015 17:48
entering extended mode
 restricted \write18 enabled.
 file:line:error style messages enabled.
 %&-line parsing enabled.
**ECG_Annotation_and_Diagnosis_Classification_Techniques.tex
(./ECG_Annotation_and_Diagnosis_Classification_Techniques.tex
LaTeX2e <2014/05/01>
Babel <3.9k> and hyphenation patterns for 78 languages loaded.
(./svmult.cls
Document Class: svmult 2007/06/25 v5.4 
Springer Verlag global LaTeX document class for multi authored books
Class Springer-SVMult Info: extra/valid Springer sub-package 
(Springer-SVMult)           not found in option list - using "global" style.
(/usr/local/texlive/2014/texmf-dist/tex/latex/base/article.cls
Document Class: article 2007/10/19 v1.4h Standard LaTeX document class
(/usr/local/texlive/2014/texmf-dist/tex/latex/base/size10.clo
File: size10.clo 2007/10/19 v1.4h Standard LaTeX file (size option)
)
\c@part=\count79
\c@section=\count80
\c@subsection=\count81
\c@subsubsection=\count82
\c@paragraph=\count83
\c@subparagraph=\count84
\c@figure=\count85
\c@table=\count86
\abovecaptionskip=\skip41
\belowcaptionskip=\skip42
\bibindent=\dimen102
)
\svparindent=\dimen103
\bibindent=\dimen104
\betweenumberspace=\dimen105
\headlineindent=\dimen106
\minitoc=\write3
\c@minitocdepth=\count87
\c@chapter=\count88
\mottowidth=\dimen107
\svitemindent=\dimen108
\verbatimindent=\dimen109
LaTeX Font Info:    Redeclaring math symbol \Gamma on input line 963.
LaTeX Font Info:    Redeclaring math symbol \Delta on input line 964.
LaTeX Font Info:    Redeclaring math symbol \Theta on input line 965.
LaTeX Font Info:    Redeclaring math symbol \Lambda on input line 966.
LaTeX Font Info:    Redeclaring math symbol \Xi on input line 967.
LaTeX Font Info:    Redeclaring math symbol \Pi on input line 968.
LaTeX Font Info:    Redeclaring math symbol \Sigma on input line 969.
LaTeX Font Info:    Redeclaring math symbol \Upsilon on input line 970.
LaTeX Font Info:    Redeclaring math symbol \Phi on input line 971.
LaTeX Font Info:    Redeclaring math symbol \Psi on input line 972.
LaTeX Font Info:    Redeclaring math symbol \Omega on input line 973.
\tocchpnum=\dimen110
\tocsecnum=\dimen111
\tocsectotal=\dimen112
\tocsubsecnum=\dimen113
\tocsubsectotal=\dimen114
\tocsubsubsecnum=\dimen115
\tocsubsubsectotal=\dimen116
\tocparanum=\dimen117
\tocparatotal=\dimen118
\tocsubparanum=\dimen119
\foot@parindent=\dimen120
\spthmsep=\dimen121
\c@theorem=\count89
\c@case=\count90
\c@conjecture=\count91
\c@corollary=\count92
\c@definition=\count93
\c@example=\count94
\c@exercise=\count95
\c@lemma=\count96
\c@note=\count97
\c@problem=\count98
\c@property=\count99
\c@proposition=\count100
\c@question=\count101
\c@solution=\count102
\c@remark=\count103
\c@prob=\count104
\instindent=\dimen122
\figgap=\dimen123
\bildb@x=\box26
\figcapgap=\dimen124
\tabcapgap=\dimen125
\c@merk=\count105
\c@@inst=\count106
\c@@auth=\count107
\c@auco=\count108
\instindent=\dimen126
\authrun=\box27
\authorrunning=\toks14
\tocauthor=\toks15
\titrun=\box28
\titlerunning=\toks16
\toctitle=\toks17
\c@contribution=\count109
LaTeX Info: Redefining \abstract on input line 2320.
)
(/usr/local/texlive/2014/texmf-dist/tex/latex/graphics/color.sty
Package: color 2014/04/23 v1.1a Standard LaTeX Color (DPC)

(/usr/local/texlive/2014/texmf-dist/tex/latex/latexconfig/color.cfg
File: color.cfg 2007/01/18 v1.5 color configuration of teTeX/TeXLive
)
Package color Info: Driver file: pdftex.def on input line 137.

(/usr/local/texlive/2014/texmf-dist/tex/latex/pdftex-def/pdftex.def
File: pdftex.def 2011/05/27 v0.06d Graphics/color for pdfTeX

(/usr/local/texlive/2014/texmf-dist/tex/generic/oberdiek/infwarerr.sty
Package: infwarerr 2010/04/08 v1.3 Providing info/warning/error messages (HO)
)
(/usr/local/texlive/2014/texmf-dist/tex/generic/oberdiek/ltxcmds.sty
Package: ltxcmds 2011/11/09 v1.22 LaTeX kernel commands for general use (HO)
)
\Gread@gobject=\count110
))
(/usr/local/texlive/2014/texmf-dist/tex/latex/framed/framed.sty
Package: framed 2011/10/22 v 0.96: framed or shaded text with page breaks
\OuterFrameSep=\skip43
\fb@frw=\dimen127
\fb@frh=\dimen128
\FrameRule=\dimen129
\FrameSep=\dimen130
)
(/usr/local/texlive/2014/texmf-dist/tex/latex/psnfss/mathptmx.sty
Package: mathptmx 2005/04/12 PSNFSS-v9.2a Times w/ Math, improved (SPQR, WaS) 
LaTeX Font Info:    Redeclaring symbol font `operators' on input line 28.
LaTeX Font Info:    Overwriting symbol font `operators' in version `normal'
(Font)                  OT1/cmr/m/n --> OT1/ztmcm/m/n on input line 28.
LaTeX Font Info:    Overwriting symbol font `operators' in version `bold'
(Font)                  OT1/cmr/bx/n --> OT1/ztmcm/m/n on input line 28.
LaTeX Font Info:    Redeclaring symbol font `letters' on input line 29.
LaTeX Font Info:    Overwriting symbol font `letters' in version `normal'
(Font)                  OML/cmm/m/it --> OML/ztmcm/m/it on input line 29.
LaTeX Font Info:    Overwriting symbol font `letters' in version `bold'
(Font)                  OML/cmm/b/it --> OML/ztmcm/m/it on input line 29.
LaTeX Font Info:    Redeclaring symbol font `symbols' on input line 30.
LaTeX Font Info:    Overwriting symbol font `symbols' in version `normal'
(Font)                  OMS/cmsy/m/n --> OMS/ztmcm/m/n on input line 30.
LaTeX Font Info:    Overwriting symbol font `symbols' in version `bold'
(Font)                  OMS/cmsy/b/n --> OMS/ztmcm/m/n on input line 30.
LaTeX Font Info:    Redeclaring symbol font `largesymbols' on input line 31.
LaTeX Font Info:    Overwriting symbol font `largesymbols' in version `normal'
(Font)                  OMX/cmex/m/n --> OMX/ztmcm/m/n on input line 31.
LaTeX Font Info:    Overwriting symbol font `largesymbols' in version `bold'
(Font)                  OMX/cmex/m/n --> OMX/ztmcm/m/n on input line 31.
\symbold=\mathgroup4
\symitalic=\mathgroup5
LaTeX Font Info:    Redeclaring math alphabet \mathbf on input line 34.
LaTeX Font Info:    Overwriting math alphabet `\mathbf' in version `normal'
(Font)                  OT1/cmr/bx/n --> OT1/ptm/bx/n on input line 34.
LaTeX Font Info:    Overwriting math alphabet `\mathbf' in version `bold'
(Font)                  OT1/cmr/bx/n --> OT1/ptm/bx/n on input line 34.
LaTeX Font Info:    Redeclaring math alphabet \mathit on input line 35.
LaTeX Font Info:    Overwriting math alphabet `\mathit' in version `normal'
(Font)                  OT1/cmr/m/it --> OT1/ptm/m/it on input line 35.
LaTeX Font Info:    Overwriting math alphabet `\mathit' in version `bold'
(Font)                  OT1/cmr/bx/it --> OT1/ptm/m/it on input line 35.
LaTeX Info: Redefining \hbar on input line 50.
)
(/usr/local/texlive/2014/texmf-dist/tex/latex/psnfss/helvet.sty
Package: helvet 2005/04/12 PSNFSS-v9.2a (WaS) 

(/usr/local/texlive/2014/texmf-dist/tex/latex/graphics/keyval.sty
Package: keyval 2014/05/08 v1.15 key=value parser (DPC)
\KV@toks@=\toks18
))
(/usr/local/texlive/2014/texmf-dist/tex/latex/psnfss/courier.sty
Package: courier 2005/04/12 PSNFSS-v9.2a (WaS) 
)
(/usr/local/texlive/2014/texmf-dist/tex/latex/type1cm/type1cm.sty
Package: type1cm 2002/09/05 v0.04 BlueSky/Y&Y Type1 CM font definitions (DPC, p
atched RF)
)
(/usr/local/texlive/2014/texmf-dist/tex/latex/base/makeidx.sty
Package: makeidx 2000/03/29 v1.0m Standard LaTeX package
)
(/usr/local/texlive/2014/texmf-dist/tex/latex/graphics/graphicx.sty
Package: graphicx 2014/04/25 v1.0g Enhanced LaTeX Graphics (DPC,SPQR)

(/usr/local/texlive/2014/texmf-dist/tex/latex/graphics/graphics.sty
Package: graphics 2009/02/05 v1.0o Standard LaTeX Graphics (DPC,SPQR)

(/usr/local/texlive/2014/texmf-dist/tex/latex/graphics/trig.sty
Package: trig 1999/03/16 v1.09 sin cos tan (DPC)
)
(/usr/local/texlive/2014/texmf-dist/tex/latex/latexconfig/graphics.cfg
File: graphics.cfg 2010/04/23 v1.9 graphics configuration of TeX Live
)
Package graphics Info: Driver file: pdftex.def on input line 91.
)
\Gin@req@height=\dimen131
\Gin@req@width=\dimen132
)
(/usr/local/texlive/2014/texmf-dist/tex/latex/tools/multicol.sty
Package: multicol 2014/04/23 v1.8e multicolumn formatting (FMi)
\c@tracingmulticols=\count111
\mult@box=\box29
\multicol@leftmargin=\dimen133
\c@unbalance=\count112
\c@collectmore=\count113
\doublecol@number=\count114
\multicoltolerance=\count115
\multicolpretolerance=\count116
\full@width=\dimen134
\page@free=\dimen135
\premulticols=\dimen136
\postmulticols=\dimen137
\multicolsep=\skip44
\multicolbaselineskip=\skip45
\partial@page=\box30
\last@line=\box31
\maxbalancingoverflow=\dimen138
\mult@rightbox=\box32
\mult@grightbox=\box33
\mult@gfirstbox=\box34
\mult@firstbox=\box35
\@tempa=\box36
\@tempa=\box37
\@tempa=\box38
\@tempa=\box39
\@tempa=\box40
\@tempa=\box41
\@tempa=\box42
\@tempa=\box43
\@tempa=\box44
\@tempa=\box45
\@tempa=\box46
\@tempa=\box47
\@tempa=\box48
\@tempa=\box49
\@tempa=\box50
\@tempa=\box51
\@tempa=\box52
\c@columnbadness=\count117
\c@finalcolumnbadness=\count118
\last@try=\dimen139
\multicolovershoot=\dimen140
\multicolundershoot=\dimen141
\mult@nat@firstbox=\box53
\colbreak@box=\box54
\mc@col@check@num=\count119
)
(/usr/local/texlive/2014/texmf-dist/tex/latex/footmisc/footmisc.sty
Package: footmisc 2011/06/06 v5.5b a miscellany of footnote facilities
\FN@temptoken=\toks19
\footnotemargin=\dimen142
\c@pp@next@reset=\count120
Package footmisc Info: Declaring symbol style bringhurst on input line 855.
Package footmisc Info: Declaring symbol style chicago on input line 863.
Package footmisc Info: Declaring symbol style wiley on input line 872.
Package footmisc Info: Declaring symbol style lamport-robust on input line 883.

Package footmisc Info: Declaring symbol style lamport* on input line 903.
Package footmisc Info: Declaring symbol style lamport*-robust on input line 924
.
)
(/usr/local/texlive/2014/texmf-dist/tex/latex/amsmath/amsmath.sty
Package: amsmath 2013/01/14 v2.14 AMS math features
\@mathmargin=\skip46

For additional information on amsmath, use the `?' option.
(/usr/local/texlive/2014/texmf-dist/tex/latex/amsmath/amstext.sty
Package: amstext 2000/06/29 v2.01

(/usr/local/texlive/2014/texmf-dist/tex/latex/amsmath/amsgen.sty
File: amsgen.sty 1999/11/30 v2.0
\@emptytoks=\toks20
\ex@=\dimen143
))
(/usr/local/texlive/2014/texmf-dist/tex/latex/amsmath/amsbsy.sty
Package: amsbsy 1999/11/29 v1.2d
\pmbraise@=\dimen144
)
(/usr/local/texlive/2014/texmf-dist/tex/latex/amsmath/amsopn.sty
Package: amsopn 1999/12/14 v2.01 operator names
)
\inf@bad=\count121
LaTeX Info: Redefining \frac on input line 210.
\uproot@=\count122
\leftroot@=\count123
LaTeX Info: Redefining \overline on input line 306.
\classnum@=\count124
\DOTSCASE@=\count125
LaTeX Info: Redefining \ldots on input line 378.
LaTeX Info: Redefining \dots on input line 381.
LaTeX Info: Redefining \cdots on input line 466.
\Mathstrutbox@=\box55
\strutbox@=\box56
\big@size=\dimen145
LaTeX Font Info:    Redeclaring font encoding OML on input line 566.
LaTeX Font Info:    Redeclaring font encoding OMS on input line 567.


Package amsmath Warning: Unable to redefine math accent \vec.

\macc@depth=\count126
\c@MaxMatrixCols=\count127
\dotsspace@=\muskip10
\c@parentequation=\count128
\dspbrk@lvl=\count129
\tag@help=\toks21
\row@=\count130
\column@=\count131
\maxfields@=\count132
\andhelp@=\toks22
\eqnshift@=\dimen146
\alignsep@=\dimen147
\tagshift@=\dimen148
\tagwidth@=\dimen149
\totwidth@=\dimen150
\lineht@=\dimen151
\@envbody=\toks23
\multlinegap=\skip47
\multlinetaggap=\skip48
\mathdisplay@stack=\toks24
LaTeX Info: Redefining \[ on input line 2665.
LaTeX Info: Redefining \] on input line 2666.
)
(/usr/local/texlive/2014/texmf-dist/tex/latex/threeparttable/threeparttable.sty
Package: threeparttable 2003/06/13  v 3.0
\@tempboxb=\box57
) (/usr/local/texlive/2014/texmf-dist/tex/latex/booktabs/booktabs.sty
Package: booktabs 2005/04/14 v1.61803 publication quality tables
\heavyrulewidth=\dimen152
\lightrulewidth=\dimen153
\cmidrulewidth=\dimen154
\belowrulesep=\dimen155
\belowbottomsep=\dimen156
\aboverulesep=\dimen157
\abovetopsep=\dimen158
\cmidrulesep=\dimen159
\cmidrulekern=\dimen160
\defaultaddspace=\dimen161
\@cmidla=\count133
\@cmidlb=\count134
\@aboverulesep=\dimen162
\@belowrulesep=\dimen163
\@thisruleclass=\count135
\@lastruleclass=\count136
\@thisrulewidth=\dimen164
)
(/usr/local/texlive/2014/texmf-dist/tex/latex/natbib/natbib.sty
Package: natbib 2010/09/13 8.31b (PWD, AO)
\bibhang=\skip49
\bibsep=\skip50
LaTeX Info: Redefining \cite on input line 694.
\c@NAT@ctr=\count137
)
\@indexfile=\write4
\openout4 = `ECG_Annotation_and_Diagnosis_Classification_Techniques.idx'.


Writing index file ECG_Annotation_and_Diagnosis_Classification_Techniques.idx
(./ECG_Annotation_and_Diagnosis_Classification_Techniques.aux)
\openout1 = `ECG_Annotation_and_Diagnosis_Classification_Techniques.aux'.

LaTeX Font Info:    Checking defaults for OML/cmm/m/it on input line 44.
LaTeX Font Info:    ... okay on input line 44.
LaTeX Font Info:    Checking defaults for T1/cmr/m/n on input line 44.
LaTeX Font Info:    ... okay on input line 44.
LaTeX Font Info:    Checking defaults for OT1/cmr/m/n on input line 44.
LaTeX Font Info:    ... okay on input line 44.
LaTeX Font Info:    Checking defaults for OMS/cmsy/m/n on input line 44.
LaTeX Font Info:    ... okay on input line 44.
LaTeX Font Info:    Checking defaults for OMX/cmex/m/n on input line 44.
LaTeX Font Info:    ... okay on input line 44.
LaTeX Font Info:    Checking defaults for U/cmr/m/n on input line 44.
LaTeX Font Info:    ... okay on input line 44.
LaTeX Font Info:    Try loading font information for OT1+ptm on input line 44.

(/usr/local/texlive/2014/texmf-dist/tex/latex/psnfss/ot1ptm.fd
File: ot1ptm.fd 2001/06/04 font definitions for OT1/ptm.
)
(/usr/local/texlive/2014/texmf-dist/tex/context/base/supp-pdf.mkii
[Loading MPS to PDF converter (version 2006.09.02).]
\scratchcounter=\count138
\scratchdimen=\dimen165
\scratchbox=\box58
\nofMPsegments=\count139
\nofMParguments=\count140
\everyMPshowfont=\toks25
\MPscratchCnt=\count141
\MPscratchDim=\dimen166
\MPnumerator=\count142
\makeMPintoPDFobject=\count143
\everyMPtoPDFconversion=\toks26
) (/usr/local/texlive/2014/texmf-dist/tex/generic/oberdiek/pdftexcmds.sty
Package: pdftexcmds 2011/11/29 v0.20 Utility functions of pdfTeX for LuaTeX (HO
)

(/usr/local/texlive/2014/texmf-dist/tex/generic/oberdiek/ifluatex.sty
Package: ifluatex 2010/03/01 v1.3 Provides the ifluatex switch (HO)
Package ifluatex Info: LuaTeX not detected.
)
(/usr/local/texlive/2014/texmf-dist/tex/generic/oberdiek/ifpdf.sty
Package: ifpdf 2011/01/30 v2.3 Provides the ifpdf switch (HO)
Package ifpdf Info: pdfTeX in PDF mode is detected.
)
Package pdftexcmds Info: LuaTeX not detected.
Package pdftexcmds Info: \pdf@primitive is available.
Package pdftexcmds Info: \pdf@ifprimitive is available.
Package pdftexcmds Info: \pdfdraftmode found.
)
(/usr/local/texlive/2014/texmf-dist/tex/latex/oberdiek/epstopdf-base.sty
Package: epstopdf-base 2010/02/09 v2.5 Base part for package epstopdf

(/usr/local/texlive/2014/texmf-dist/tex/latex/oberdiek/grfext.sty
Package: grfext 2010/08/19 v1.1 Manage graphics extensions (HO)

(/usr/local/texlive/2014/texmf-dist/tex/generic/oberdiek/kvdefinekeys.sty
Package: kvdefinekeys 2011/04/07 v1.3 Define keys (HO)
))
(/usr/local/texlive/2014/texmf-dist/tex/latex/oberdiek/kvoptions.sty
Package: kvoptions 2011/06/30 v3.11 Key value format for package options (HO)

(/usr/local/texlive/2014/texmf-dist/tex/generic/oberdiek/kvsetkeys.sty
Package: kvsetkeys 2012/04/25 v1.16 Key value parser (HO)

(/usr/local/texlive/2014/texmf-dist/tex/generic/oberdiek/etexcmds.sty
Package: etexcmds 2011/02/16 v1.5 Avoid name clashes with e-TeX commands (HO)
Package etexcmds Info: Could not find \expanded.
(etexcmds)             That can mean that you are not using pdfTeX 1.50 or
(etexcmds)             that some package has redefined \expanded.
(etexcmds)             In the latter case, load this package earlier.
)))
Package grfext Info: Graphics extension search list:
(grfext)             [.png,.pdf,.jpg,.mps,.jpeg,.jbig2,.jb2,.PNG,.PDF,.JPG,.JPE
G,.JBIG2,.JB2,.eps]
(grfext)             \AppendGraphicsExtensions on input line 452.

(/usr/local/texlive/2014/texmf-dist/tex/latex/latexconfig/epstopdf-sys.cfg
File: epstopdf-sys.cfg 2010/07/13 v1.3 Configuration of (r)epstopdf for TeX Liv
e
))
LaTeX Font Info:    Font shape `OT1/ptm/bx/n' in size <14> not available
(Font)              Font shape `OT1/ptm/b/n' tried instead on input line 68.


Package mathptmx Warning: There are no bold math fonts on input line 68.

LaTeX Font Info:    Font shape `OT1/ptm/bx/n' in size <16> not available
(Font)              Font shape `OT1/ptm/b/n' tried instead on input line 68.
LaTeX Font Info:    Calculating math sizes for size <8.5> on input line 68.
LaTeX Font Info:    Try loading font information for OT1+ztmcm on input line 68
.
(/usr/local/texlive/2014/texmf-dist/tex/latex/psnfss/ot1ztmcm.fd
File: ot1ztmcm.fd 2000/01/03 Fontinst v1.801 font definitions for OT1/ztmcm.
)
LaTeX Font Info:    Try loading font information for OML+ztmcm on input line 68
.

(/usr/local/texlive/2014/texmf-dist/tex/latex/psnfss/omlztmcm.fd
File: omlztmcm.fd 2000/01/03 Fontinst v1.801 font definitions for OML/ztmcm.
)
LaTeX Font Info:    Try loading font information for OMS+ztmcm on input line 68
.

(/usr/local/texlive/2014/texmf-dist/tex/latex/psnfss/omsztmcm.fd
File: omsztmcm.fd 2000/01/03 Fontinst v1.801 font definitions for OMS/ztmcm.
)
LaTeX Font Info:    Try loading font information for OMX+ztmcm on input line 68
.

(/usr/local/texlive/2014/texmf-dist/tex/latex/psnfss/omxztmcm.fd
File: omxztmcm.fd 2000/01/03 Fontinst v1.801 font definitions for OMX/ztmcm.
)
LaTeX Font Info:    Font shape `OT1/ptm/bx/n' in size <8.5> not available
(Font)              Font shape `OT1/ptm/b/n' tried instead on input line 68.
LaTeX Font Info:    Font shape `OT1/ptm/bx/n' in size <6.29004> not available
(Font)              Font shape `OT1/ptm/b/n' tried instead on input line 68.
LaTeX Font Info:    Font shape `OT1/ptm/bx/n' in size <5.10005> not available
(Font)              Font shape `OT1/ptm/b/n' tried instead on input line 68.

Underfull \hbox (badness 1067) in paragraph at lines 68--68
\OT1/ptm/m/n/8.5 Lei, Shen-zhen In-sti-tutes of Ad-vanced Tech-nol-ogy, Chi-nes
e Academy of Sci-ences, e-mail:
 []

LaTeX Font Info:    Font shape `OT1/ptm/bx/n' in size <10> not available
(Font)              Font shape `OT1/ptm/b/n' tried instead on input line 68.
LaTeX Font Info:    Font shape `OT1/ptm/bx/n' in size <7.4> not available
(Font)              Font shape `OT1/ptm/b/n' tried instead on input line 68.
LaTeX Font Info:    Font shape `OT1/ptm/bx/n' in size <6> not available
(Font)              Font shape `OT1/ptm/b/n' tried instead on input line 68.
LaTeX Font Info:    Font shape `OT1/ptm/bx/n' in size <12> not available
(Font)              Font shape `OT1/ptm/b/n' tried instead on input line 76.
[1



{/usr/local/texlive/2014/texmf-var/fonts/map/pdftex/updmap/pdftex.map}]

LaTeX Warning: No positions in optional float specifier.
               Default added (so using `htbp') on input line 99.

Package epstopdf Info: Source file: <classification.eps>
(epstopdf)                    date: 2015-06-25 01:10:52
(epstopdf)                    size: 224169 bytes
(epstopdf)             Output file: <classification-eps-converted-to.pdf>
(epstopdf)                    date: 2015-06-25 01:11:23
(epstopdf)                    size: 67157 bytes
(epstopdf)             Command: <repstopdf --outfile=classification-eps-convert
ed-to.pdf classification.eps>
(epstopdf)             \includegraphics on input line 109.
Package epstopdf Info: Output file is already uptodate.
<classification-eps-converted-to.pdf, id=8, 1047.915pt x 216.81pt>
File: classification-eps-converted-to.pdf Graphic file (type pdf)

<use classification-eps-converted-to.pdf>
Package pdftex.def Info: classification-eps-converted-to.pdf used on input line
 109.
(pdftex.def)             Requested size: 335.33965pt x 69.38062pt.


Class SVMult Warning: \sidecaption: No sufficient room for the legend; 
using normal \caption on input line 109.


Overfull \hbox (2.44241pt too wide) in paragraph at lines 109--109
[][] 
 []

LaTeX Font Info:    Font shape `OT1/ptm/bx/it' in size <12> not available
(Font)              Font shape `OT1/ptm/b/it' tried instead on input line 114.
[2 <./classification-eps-converted-to.pdf>] [3]
Overfull \hbox (0.61899pt too wide) in paragraph at lines 139--149
[][] 
 []


LaTeX Warning: No positions in optional float specifier.
               Default added (so using `htbp') on input line 165.

Package epstopdf Info: Source file: <clustering.eps>
(epstopdf)                    date: 2015-06-24 17:44:50
(epstopdf)                    size: 187671 bytes
(epstopdf)             Output file: <clustering-eps-converted-to.pdf>
(epstopdf)                    date: 2015-06-24 23:57:55
(epstopdf)                    size: 24547 bytes
(epstopdf)             Command: <repstopdf --outfile=clustering-eps-converted-t
o.pdf clustering.eps>
(epstopdf)             \includegraphics on input line 175.
Package epstopdf Info: Output file is already uptodate.
<clustering-eps-converted-to.pdf, id=33, 1047.915pt x 252.945pt>
File: clustering-eps-converted-to.pdf Graphic file (type pdf)

<use clustering-eps-converted-to.pdf>
Package pdftex.def Info: clustering-eps-converted-to.pdf used on input line 175
.
(pdftex.def)             Requested size: 335.33965pt x 80.94405pt.


Class SVMult Warning: \sidecaption: No sufficient room for the legend; 
using normal \caption on input line 175.


Overfull \hbox (2.44241pt too wide) in paragraph at lines 175--175
[][] 
 []

[4 <./clustering-eps-converted-to.pdf>]
Package epstopdf Info: Source file: <nnstructure.eps>
(epstopdf)                    date: 2015-06-25 10:59:10
(epstopdf)                    size: 773788 bytes
(epstopdf)             Output file: <nnstructure-eps-converted-to.pdf>
(epstopdf)                    date: 2015-06-25 10:59:30
(epstopdf)                    size: 321023 bytes
(epstopdf)             Command: <repstopdf --outfile=nnstructure-eps-converted-
to.pdf nnstructure.eps>
(epstopdf)             \includegraphics on input line 208.
Package epstopdf Info: Output file is already uptodate.

<nnstructure-eps-converted-to.pdf, id=52, 650.43pt x 433.62pt>
File: nnstructure-eps-converted-to.pdf Graphic file (type pdf)

<use nnstructure-eps-converted-to.pdf>
Package pdftex.def Info: nnstructure-eps-converted-to.pdf used on input line 20
8.
(pdftex.def)             Requested size: 325.2142pt x 216.80946pt.


Class SVMult Warning: \sidecaption: No sufficient room for the legend; 
using normal \caption on input line 208.

[5] [6 <./nnstructure-eps-converted-to.pdf>] [7]

LaTeX Warning: No positions in optional float specifier.
               Default added (so using `htbp') on input line 260.

Package epstopdf Info: Source file: <autoencoder.eps>
(epstopdf)                    date: 2015-06-25 11:05:30
(epstopdf)                    size: 606317 bytes
(epstopdf)             Output file: <autoencoder-eps-converted-to.pdf>
(epstopdf)                    date: 2015-06-25 11:07:13
(epstopdf)                    size: 50963 bytes
(epstopdf)             Command: <repstopdf --outfile=autoencoder-eps-converted-
to.pdf autoencoder.eps>
(epstopdf)             \includegraphics on input line 270.
Package epstopdf Info: Output file is already uptodate.
<autoencoder-eps-converted-to.pdf, id=120, 794.97pt x 722.7pt>
File: autoencoder-eps-converted-to.pdf Graphic file (type pdf)

<use autoencoder-eps-converted-to.pdf>
Package pdftex.def Info: autoencoder-eps-converted-to.pdf used on input line 27
0.
(pdftex.def)             Requested size: 317.98236pt x 289.07487pt.


Class SVMult Warning: \sidecaption: No sufficient room for the legend; 
using normal \caption on input line 270.

[8 <./autoencoder-eps-converted-to.pdf>] [9] [10]
Overfull \hbox (0.61899pt too wide) in paragraph at lines 390--402
[][] 
 []

Missing character: There is no ‚ in font ptmr7t!
Missing character: There is no Ä in font ptmr7t!
Missing character: There is no ú in font ptmr7t!
Missing character: There is no ‚ in font ptmr7t!
Missing character: There is no Ä in font ptmr7t!
Missing character: There is no ù in font ptmr7t!
Missing character: There is no ‚ in font ptmr7t!
Missing character: There is no Ä in font ptmr7t!
Missing character: There is no ú in font ptmr7t!
Missing character: There is no ‚ in font ptmr7t!
Missing character: There is no Ä in font ptmr7t!
Missing character: There is no ù in font ptmr7t!
[11]
Missing character: There is no ‚ in font ptmr7t!
Missing character: There is no Ä in font ptmr7t!
Missing character: There is no ú in font ptmr7t!
Missing character: There is no ‚ in font ptmr7t!
Missing character: There is no Ä in font ptmr7t!
Missing character: There is no ù in font ptmr7t!
 [12]
Underfull \hbox (badness 10000) in paragraph at lines 458--472
[][]
 []

[13]
Underfull \hbox (badness 10000) in paragraph at lines 523--523
[]\OT1/ptm/m/n/8.5 Melgani and Bazi
 []


Underfull \hbox (badness 10000) in paragraph at lines 524--524
[]\OT1/ptm/m/n/8.5 Jiang and Kong
 []

[14] [15]

Package natbib Warning: Citation `Leon' on page 16 undefined on input line 571.



Package natbib Warning: Citation `Hinton02' on page 16 undefined on input line 
580.


Package natbib Warning: Citation `Peng' on page 16 undefined on input line 583.


[16]
Package epstopdf Info: Source file: <dbn.eps>
(epstopdf)                    date: 2015-06-25 11:38:15
(epstopdf)                    size: 390821 bytes
(epstopdf)             Output file: <dbn-eps-converted-to.pdf>
(epstopdf)                    date: 2015-06-25 11:39:54
(epstopdf)                    size: 180570 bytes
(epstopdf)             Command: <repstopdf --outfile=dbn-eps-converted-to.pdf d
bn.eps>
(epstopdf)             \includegraphics on input line 617.
Package epstopdf Info: Output file is already uptodate.
 <dbn-eps-converted-to.pdf, id=170, 1120.185pt x 578.16pt>
File: dbn-eps-converted-to.pdf Graphic file (type pdf)

<use dbn-eps-converted-to.pdf>
Package pdftex.def Info: dbn-eps-converted-to.pdf used on input line 617.
(pdftex.def)             Requested size: 336.05809pt x 173.44933pt.


Class SVMult Warning: \sidecaption: No sufficient room for the legend; 
using normal \caption on input line 617.


Overfull \hbox (3.16086pt too wide) in paragraph at lines 617--617
[][] 
 []


Package natbib Warning: Citation `Juergen' on page 17 undefined on input line 6
21.


Package natbib Warning: Citation `Bengio2009' on page 17 undefined on input lin
e 621.


LaTeX Warning: Reference `figure2' on page 17 undefined on input line 621.

[17 <./dbn-eps-converted-to.pdf>] [18] [19]
Overfull \hbox (2.687pt too wide) in paragraph at lines 693--693
[]\OT1/ptm/m/n/8.5 NORMAL| 
 []


Overfull \hbox (2.05318pt too wide) in paragraph at lines 697--697
[]\OT1/ptm/m/n/8.5 1,104| 
 []


Underfull \hbox (badness 10000) in paragraph at lines 687--709
[][]
 []


Overfull \hbox (2.687pt too wide) in paragraph at lines 725--725
[]\OT1/ptm/m/n/8.5 NORMAL| 
 []


Overfull \hbox (2.05318pt too wide) in paragraph at lines 729--729
[]\OT1/ptm/m/n/8.5 1,048| 
 []


Underfull \hbox (badness 10000) in paragraph at lines 719--740
[][]
 []


Overfull \hbox (2.687pt too wide) in paragraph at lines 754--754
[]\OT1/ptm/m/n/8.5 NORMAL| 
 []


Overfull \hbox (2.05318pt too wide) in paragraph at lines 758--758
[]\OT1/ptm/m/n/8.5 1,108| 
 []


Underfull \hbox (badness 10000) in paragraph at lines 748--769
[][]
 []


Package natbib Warning: Citation `Andreao' on page 20 undefined on input line 7
74.


Package natbib Warning: Citation `Asl' on page 20 undefined on input line 774.


Package natbib Warning: Citation `Melgani' on page 20 undefined on input line 7
74.


Package natbib Warning: Citation `Sung' on page 20 undefined on input line 774.


[20]

Package natbib Warning: Citation `Tadejko' on page 21 undefined on input line 7
87.


Package natbib Warning: Citation `Banerjee' on page 21 undefined on input line 
788.


Package natbib Warning: Citation `Can' on page 21 undefined on input line 789.


Package natbib Warning: Citation `Osowski' on page 21 undefined on input line 7
90.


Overfull \hbox (0.61899pt too wide) in paragraph at lines 782--794
[][]
 []


Package natbib Warning: Citation `Osowski' on page 21 undefined on input line 8
01.


Package natbib Warning: Citation `Can' on page 21 undefined on input line 801.

[21] (./referenc.tex
(./ECG_Annotation_and_Diagnosis_Classification_Techniques.bbl
LaTeX Font Info:    Try loading font information for OMS+ptm on input line 23.

(/usr/local/texlive/2014/texmf-dist/tex/latex/psnfss/omsptm.fd
File: omsptm.fd 
)
LaTeX Font Info:    Font shape `OMS/ptm/m/n' in size <10> not available
(Font)              Font shape `OMS/cmsy/m/n' tried instead on input line 23.
 [22] [23]
Underfull \hbox (badness 1983) in paragraph at lines 119--123
[]\OT1/ptm/m/n/10 Melgani F, Bazi Y (2008) Clas-si-fi-ca-tion of elec-tro-car-d
io-gram sig-nals with
 []


Underfull \hbox (badness 5924) in paragraph at lines 119--123
\OT1/ptm/m/n/10 sup-port vec-tor ma-chines and par-ti-cle swarm op-ti-miza-tion
. In-for-ma-tion
 []


Underfull \hbox (badness 1953) in paragraph at lines 119--123
\OT1/ptm/m/n/10 Tech-nol-ogy in Biomedicine, IEEE Trans-ac-tions on 12(5):667--
677, DOI 
 []


Underfull \hbox (badness 6526) in paragraph at lines 129--131
[]\OT1/ptm/m/n/10 Ng A, Ngiam J, Foo CY, Mai Y, Suen C (2010) UFLDL Tu-to-rial.

 []

))

Package natbib Warning: There were undefined citations.

[24] (./ECG_Annotation_and_Diagnosis_Classification_Techniques.aux)

LaTeX Warning: There were undefined references.

 ) 
Here is how much of TeX's memory you used:
 3849 strings out of 493117
 53411 string characters out of 6135432
 175626 words of memory out of 5000000
 7177 multiletter control sequences out of 15000+600000
 49975 words of font info for 102 fonts, out of 8000000 for 9000
 1141 hyphenation exceptions out of 8191
 38i,18n,25p,1675b,298s stack positions out of 5000i,500n,10000p,200000b,80000s
{/usr/local/texlive/2014/texmf-dist/fonts/enc/dvips/base/8r.enc}</usr/local/t
exlive/2014/texmf-dist/fonts/type1/public/amsfonts/cm/cmex10.pfb></usr/local/te
xlive/2014/texmf-dist/fonts/type1/public/amsfonts/cm/cmmi10.pfb></usr/local/tex
live/2014/texmf-dist/fonts/type1/public/amsfonts/cm/cmr10.pfb></usr/local/texli
ve/2014/texmf-dist/fonts/type1/public/amsfonts/cm/cmsy10.pfb></usr/local/texliv
e/2014/texmf-dist/fonts/type1/urw/symbol/usyr.pfb></usr/local/texlive/2014/texm
f-dist/fonts/type1/urw/symbol/usyr.pfb></usr/local/texlive/2014/texmf-dist/font
s/type1/urw/times/utmb8a.pfb></usr/local/texlive/2014/texmf-dist/fonts/type1/ur
w/times/utmbi8a.pfb></usr/local/texlive/2014/texmf-dist/fonts/type1/urw/times/u
tmr8a.pfb></usr/local/texlive/2014/texmf-dist/fonts/type1/urw/times/utmri8a.pfb
>
Output written on ECG_Annotation_and_Diagnosis_Classification_Techniques.pdf (2
4 pages, 791223 bytes).
PDF statistics:
 249 PDF objects out of 1000 (max. 8388607)
 123 compressed objects within 2 object streams
 0 named destinations out of 1000 (max. 500000)
 26 words of extra memory for PDF output out of 10000 (max. 10000000)

